<?xml version="1.0" encoding="UTF-8"?>
<!-- Generated by org.testng.reporters.JUnitReportReporter -->
<testsuite skipped="0" hostname="User-PC" name="com.crm.qa.testcases.LoginPageTest" tests="3" failures="0" timestamp="31 Jan 2018 06:31:58 GMT" time="33.177" errors="0">
  <testcase name="loginPageTitleTest" time="10.169" classname="com.crm.qa.testcases.LoginPageTest"/>
  <testcase name="crmLogoImageTest" time="8.569" classname="com.crm.qa.testcases.LoginPageTest"/>
  <testcase name="loginTest" time="14.439" classname="com.crm.qa.testcases.LoginPageTest"/>
</testsuite> <!-- com.crm.qa.testcases.LoginPageTest -->
