<?xml version="1.0" encoding="UTF-8"?>
<!-- Generated by org.testng.reporters.JUnitReportReporter -->
<testsuite skipped="0" hostname="User-PC" name="com.crm.testcases.testData" tests="4" failures="0" timestamp="26 Apr 2018 12:46:45 GMT" time="43.923" errors="0">
  <testcase name="loginTestData" time="10.713" classname="com.crm.testcases.testData"/>
  <testcase name="loginTestData" time="10.803" classname="com.crm.testcases.testData"/>
  <testcase name="loginTestData" time="10.850" classname="com.crm.testcases.testData"/>
  <testcase name="loginTestData" time="11.557" classname="com.crm.testcases.testData"/>
</testsuite> <!-- com.crm.testcases.testData -->
