<?xml version="1.0" encoding="UTF-8"?>
<!-- Generated by org.testng.reporters.JUnitReportReporter -->
<testsuite skipped="0" hostname="User-PC" name="com.crm.testcases.HomePageTest" tests="3" failures="0" timestamp="02 Apr 2018 14:55:28 GMT" time="36.183" errors="0">
  <testcase name="verifyHomePageTitleTest" time="12.993" classname="com.crm.testcases.HomePageTest"/>
  <testcase name="verifyUserNameTest" time="11.708" classname="com.crm.testcases.HomePageTest"/>
  <testcase name="verifyContactsLinkTest" time="11.482" classname="com.crm.testcases.HomePageTest"/>
</testsuite> <!-- com.crm.testcases.HomePageTest -->
