<?xml version="1.0" encoding="UTF-8"?>
<!-- Generated by org.testng.reporters.JUnitReportReporter -->
<testsuite skipped="0" hostname="User-PC" name="com.crm.testcases.AppiumTest" tests="4" failures="0" timestamp="26 Apr 2018 13:05:13 GMT" time="5.210" errors="0">
  <testcase name="loginTestData" time="1.274" classname="com.crm.testcases.AppiumTest"/>
  <testcase name="loginTestData" time="1.259" classname="com.crm.testcases.AppiumTest"/>
  <testcase name="loginTestData" time="1.341" classname="com.crm.testcases.AppiumTest"/>
  <testcase name="loginTestData" time="1.336" classname="com.crm.testcases.AppiumTest"/>
</testsuite> <!-- com.crm.testcases.AppiumTest -->
